build/app/intermediates/manifest_merge_blame_file/debug/manifest-merger-blame-debug-report.txt
1<?xml version="1.0" encoding="utf-8"?>
2<manifest xmlns:android="http://schemas.android.com/apk/res/android"
3    package="com.cometchat.sdk_tutorial"
4    android:versionCode="1"
5    android:versionName="1.0.0" >
6
7    <uses-sdk
8        android:minSdkVersion="21"
9        android:targetSdkVersion="30" />
10    <!--
11         Flutter needs it to communicate with the running application
12         to allow setting breakpoints, to provide hot reload, etc.
13    -->
14    <uses-permission android:name="android.permission.INTERNET" />
14-->src\debug\AndroidManifest.xml:6:5-66
14-->src\debug\AndroidManifest.xml:6:22-64
15    <uses-permission android:name="android.permission.READ_EXTERNAL_STORAGE" />
15-->[:file_picker] AndroidManifest.xml:7:5-80
15-->[:file_picker] AndroidManifest.xml:7:22-77
16
17    <queries>
17-->[:file_picker] AndroidManifest.xml:9:5-15:15
18        <intent>
18-->[:file_picker] AndroidManifest.xml:10:9-14:18
19            <action android:name="android.intent.action.GET_CONTENT" />
19-->[:file_picker] AndroidManifest.xml:11:13-72
19-->[:file_picker] AndroidManifest.xml:11:21-69
20
21            <data android:mimeType="*/*" />
21-->[:file_picker] AndroidManifest.xml:13:13-44
21-->[:file_picker] AndroidManifest.xml:13:19-41
22        </intent>
23    </queries>
24
25    <uses-permission android:name="android.permission.REQUEST_INSTALL_PACKAGES" />
25-->[:open_file] AndroidManifest.xml:8:5-83
25-->[:open_file] AndroidManifest.xml:8:22-80
26    <uses-permission android:name="android.permission.ACCESS_NETWORK_STATE" />
26-->[com.cometchat:pro-android-chat-sdk:3.0.4] AndroidManifest.xml:12:5-79
26-->[com.cometchat:pro-android-chat-sdk:3.0.4] AndroidManifest.xml:12:22-76
27
28    <application
28-->src\main\AndroidManifest.xml:3:4-41:19
29        android:appComponentFactory="androidx.core.app.CoreComponentFactory"
29-->[androidx.core:core:1.6.0] AndroidManifest.xml:24:18-86
30        android:debuggable="true"
31        android:icon="@mipmap/ic_launcher"
31-->src\main\AndroidManifest.xml:5:9-43
32        android:label="sdk_tutorial" >
32-->src\main\AndroidManifest.xml:4:9-37
33        <activity
33-->src\main\AndroidManifest.xml:6:9-34:20
34            android:name="com.cometchat.sdk_tutorial.MainActivity"
34-->src\main\AndroidManifest.xml:7:13-41
35            android:configChanges="orientation|keyboardHidden|keyboard|screenSize|smallestScreenSize|locale|layoutDirection|fontScale|screenLayout|density|uiMode"
35-->src\main\AndroidManifest.xml:10:13-163
36            android:hardwareAccelerated="true"
36-->src\main\AndroidManifest.xml:11:13-47
37            android:launchMode="singleTop"
37-->src\main\AndroidManifest.xml:8:13-43
38            android:theme="@style/LaunchTheme"
38-->src\main\AndroidManifest.xml:9:13-47
39            android:windowSoftInputMode="adjustResize" >
39-->src\main\AndroidManifest.xml:12:13-55
40
41            <!--
42                 Specifies an Android theme to apply to this Activity as soon as
43                 the Android process has started. This theme is visible to the user
44                 while the Flutter UI initializes. After that, this theme continues
45                 to determine the Window background behind the Flutter UI.
46            -->
47            <meta-data
47-->src\main\AndroidManifest.xml:17:13-20:17
48                android:name="io.flutter.embedding.android.NormalTheme"
48-->src\main\AndroidManifest.xml:18:15-70
49                android:resource="@style/NormalTheme" />
49-->src\main\AndroidManifest.xml:19:15-52
50            <!--
51                 Displays an Android View that continues showing the launch screen
52                 Drawable until Flutter paints its first frame, then this splash
53                 screen fades out. A splash screen is useful to avoid any visual
54                 gap between the end of Android's launch screen and the painting of
55                 Flutter's first frame.
56            -->
57            <meta-data
57-->src\main\AndroidManifest.xml:26:13-29:17
58                android:name="io.flutter.embedding.android.SplashScreenDrawable"
58-->src\main\AndroidManifest.xml:27:15-79
59                android:resource="@drawable/launch_background" />
59-->src\main\AndroidManifest.xml:28:15-61
60
61            <intent-filter>
61-->src\main\AndroidManifest.xml:30:13-33:29
62                <action android:name="android.intent.action.MAIN" />
62-->src\main\AndroidManifest.xml:31:17-68
62-->src\main\AndroidManifest.xml:31:25-66
63
64                <category android:name="android.intent.category.LAUNCHER" />
64-->src\main\AndroidManifest.xml:32:17-76
64-->src\main\AndroidManifest.xml:32:27-74
65            </intent-filter>
66        </activity>
67
68        <!--
69             Don't delete the meta-data below.
70             This is used by the Flutter tool to generate GeneratedPluginRegistrant.java
71        -->
72        <meta-data
72-->src\main\AndroidManifest.xml:38:9-40:33
73            android:name="flutterEmbedding"
73-->src\main\AndroidManifest.xml:39:13-44
74            android:value="2" />
74-->src\main\AndroidManifest.xml:40:13-30
75
76        <provider
76-->[:image_picker_android] AndroidManifest.xml:8:9-16:20
77            android:name="io.flutter.plugins.imagepicker.ImagePickerFileProvider"
77-->[:image_picker_android] AndroidManifest.xml:9:13-82
78            android:authorities="com.cometchat.sdk_tutorial.flutter.image_provider"
78-->[:image_picker_android] AndroidManifest.xml:10:13-74
79            android:exported="false"
79-->[:image_picker_android] AndroidManifest.xml:11:13-37
80            android:grantUriPermissions="true" >
80-->[:image_picker_android] AndroidManifest.xml:12:13-47
81            <meta-data
81-->[:image_picker_android] AndroidManifest.xml:13:13-15:75
82                android:name="android.support.FILE_PROVIDER_PATHS"
82-->[:image_picker_android] AndroidManifest.xml:14:17-67
83                android:resource="@xml/flutter_image_picker_file_paths" />
83-->[:image_picker_android] AndroidManifest.xml:15:17-72
84        </provider>
85        <provider
85-->[:open_file] AndroidManifest.xml:12:9-21:20
86            android:name="com.crazecoder.openfile.FileProvider"
86-->[:open_file] AndroidManifest.xml:13:13-64
87            android:authorities="com.cometchat.sdk_tutorial.fileProvider.com.crazecoder.openfile"
87-->[:open_file] AndroidManifest.xml:14:13-88
88            android:exported="false"
88-->[:open_file] AndroidManifest.xml:15:13-37
89            android:grantUriPermissions="true" >
89-->[:open_file] AndroidManifest.xml:16:13-47
90            <meta-data
90-->[:image_picker_android] AndroidManifest.xml:13:13-15:75
91                android:name="android.support.FILE_PROVIDER_PATHS"
91-->[:image_picker_android] AndroidManifest.xml:14:17-67
92                android:resource="@xml/filepaths" />
92-->[:image_picker_android] AndroidManifest.xml:15:17-72
93        </provider>
94
95        <uses-library
95-->[androidx.window:window:1.0.0-beta04] AndroidManifest.xml:25:9-27:40
96            android:name="androidx.window.extensions"
96-->[androidx.window:window:1.0.0-beta04] AndroidManifest.xml:26:13-54
97            android:required="false" />
97-->[androidx.window:window:1.0.0-beta04] AndroidManifest.xml:27:13-37
98        <uses-library
98-->[androidx.window:window:1.0.0-beta04] AndroidManifest.xml:28:9-30:40
99            android:name="androidx.window.sidecar"
99-->[androidx.window:window:1.0.0-beta04] AndroidManifest.xml:29:13-51
100            android:required="false" />
100-->[androidx.window:window:1.0.0-beta04] AndroidManifest.xml:30:13-37
101
102        <provider
102-->[androidx.lifecycle:lifecycle-process:2.0.0] AndroidManifest.xml:23:9-27:43
103            android:name="androidx.lifecycle.ProcessLifecycleOwnerInitializer"
103-->[androidx.lifecycle:lifecycle-process:2.0.0] AndroidManifest.xml:24:13-79
104            android:authorities="com.cometchat.sdk_tutorial.lifecycle-process"
104-->[androidx.lifecycle:lifecycle-process:2.0.0] AndroidManifest.xml:25:13-69
105            android:exported="false"
105-->[androidx.lifecycle:lifecycle-process:2.0.0] AndroidManifest.xml:26:13-37
106            android:multiprocess="true" />
106-->[androidx.lifecycle:lifecycle-process:2.0.0] AndroidManifest.xml:27:13-40
107    </application>
108
109</manifest>